<?xml version="1.0" encoding="UTF-8"?>
<!-- Generated by org.testng.reporters.JUnitReportReporter -->
<testsuite hostname="anujchauhan" name="TestCases.AddPost" tests="1" failures="0" timestamp="29 Sep 2016 09:52:33 GMT" time="42.762" errors="0">
  <testcase name="cotentwithtag" time="42.762" classname="TestCases.AddPost"/>
</testsuite> <!-- TestCases.AddPost -->
