<?xml version="1.0" encoding="UTF-8"?>
<!-- Generated by org.testng.reporters.JUnitReportReporter -->
<testsuite hostname="amit" name="TestCases.AddOrganization" tests="1" failures="0" timestamp="12 Sep 2016 11:55:42 GMT" time="17.300" errors="0">
  <testcase name="addDuplicateOrg" time="17.300" classname="TestCases.AddOrganization"/>
</testsuite> <!-- TestCases.AddOrganization -->
